<?xml version="1.0" encoding="UTF-8"?>
<testng-results ignored="0" total="1" passed="1" failed="0" skipped="0">
  <reporter-output>
  </reporter-output>
  <suite started-at="2025-02-21T15:07:31 IST" name="CalculatorSuite" finished-at="2025-02-21T15:07:31 IST" duration-ms="62">
    <groups>
    </groups>
    <test started-at="2025-02-21T15:07:31 IST" name="CalculatorTests" finished-at="2025-02-21T15:07:31 IST" duration-ms="62">
      <class name="com.AppTest">
        <test-method signature="testApp()[pri:0, instance:com.AppTest@4df50bcc]" started-at="2025-02-21T15:07:31 IST" name="testApp" finished-at="2025-02-21T15:07:31 IST" duration-ms="9" status="PASS">
          <reporter-output>
          </reporter-output>
        </test-method> <!-- testApp -->
      </class> <!-- com.AppTest -->
    </test> <!-- CalculatorTests -->
  </suite> <!-- CalculatorSuite -->
</testng-results>
